2021-09-09 16:34:29,097 ERROR: Exception on /s/testsite/1 [GET] [in /usr/local/lib/python3.7/site-packages/flask/app.py:1455]
Traceback (most recent call last):
  File "/usr/local/lib/python3.7/site-packages/flask/app.py", line 2070, in wsgi_app
    response = self.full_dispatch_request()
  File "/usr/local/lib/python3.7/site-packages/flask/app.py", line 1515, in full_dispatch_request
    rv = self.handle_user_exception(e)
  File "/usr/local/lib/python3.7/site-packages/flask/app.py", line 1513, in full_dispatch_request
    rv = self.dispatch_request()
  File "/usr/local/lib/python3.7/site-packages/flask/app.py", line 1499, in dispatch_request
    return self.ensure_sync(self.view_functions[rule.endpoint])(**req.view_args)
  File "/usr/src/app/app/main/routes.py", line 156, in post_page
    comment_order, comment_contents, comment_indent_level = format_comments(comments_and_users, post_id)
  File "/usr/src/app/app/main/formatters/comment_formatters.py", line 91, in format_comments
    post_id)
  File "/usr/src/app/app/main/formatters/comment_formatters.py", line 64, in format_comment_contents_and_order
    upvote_count = get_comment_final_upvote_count(post_id, comment_id)
  File "/usr/src/app/app/main/formatters/comment_formatters.py", line 35, in get_comment_final_upvote_count
    redis_value = redis.hget(name, key)
AttributeError: module 'redis' has no attribute 'hget'
2021-09-09 16:35:00,301 INFO: redditclone startup [in /usr/src/app/app/__init__.py:35]
2021-09-09 16:35:28,200 INFO: redditclone startup [in /usr/src/app/app/__init__.py:35]
2021-09-09 16:35:30,642 INFO: No value in redis yet, setting new value [in /usr/src/app/app/main/formatters/comment_formatters.py:35]
2021-09-09 16:35:30,697 INFO: Updating value -1 into redis from db [in /usr/src/app/app/main/redis_cache_helpers.py:22]
2021-09-09 16:35:30,703 INFO: No value in redis yet, setting new value [in /usr/src/app/app/main/formatters/comment_formatters.py:35]
2021-09-09 16:35:30,714 INFO: Updating value 1 into redis from db [in /usr/src/app/app/main/redis_cache_helpers.py:22]
2021-09-09 16:35:30,723 INFO: No value in redis yet, setting new value [in /usr/src/app/app/main/formatters/comment_formatters.py:35]
2021-09-09 16:35:30,732 INFO: Updating value 1 into redis from db [in /usr/src/app/app/main/redis_cache_helpers.py:22]
2021-09-09 16:35:30,743 INFO: No value in redis yet, setting new value [in /usr/src/app/app/main/formatters/comment_formatters.py:35]
2021-09-09 16:35:30,749 INFO: Updating value -1 into redis from db [in /usr/src/app/app/main/redis_cache_helpers.py:22]
2021-09-09 16:35:30,756 INFO: No value in redis yet, setting new value [in /usr/src/app/app/main/formatters/comment_formatters.py:35]
2021-09-09 16:35:30,768 INFO: Updating value -1 into redis from db [in /usr/src/app/app/main/redis_cache_helpers.py:22]
2021-09-09 16:35:51,516 INFO: incremented value 2 in redis [in /usr/src/app/app/main/redis_cache_helpers.py:30]
2021-09-09 16:35:51,547 INFO: retrieved 1 from redis [in /usr/src/app/app/main/formatters/comment_formatters.py:39]
2021-09-09 16:35:51,558 INFO: retrieved 1 from redis [in /usr/src/app/app/main/formatters/comment_formatters.py:39]
2021-09-09 16:35:51,566 INFO: retrieved 1 from redis [in /usr/src/app/app/main/formatters/comment_formatters.py:39]
2021-09-09 16:35:51,575 INFO: retrieved -1 from redis [in /usr/src/app/app/main/formatters/comment_formatters.py:39]
2021-09-09 16:35:51,586 INFO: retrieved -1 from redis [in /usr/src/app/app/main/formatters/comment_formatters.py:39]
2021-09-09 16:36:55,503 INFO: redditclone startup [in /usr/src/app/app/__init__.py:35]
2021-09-09 16:36:55,716 INFO: incremented value by -2 in redis [in /usr/src/app/app/main/redis_cache_helpers.py:30]
2021-09-09 16:36:55,826 INFO: retrieved -1 from redis [in /usr/src/app/app/main/formatters/comment_formatters.py:39]
2021-09-09 16:36:55,833 INFO: retrieved 1 from redis [in /usr/src/app/app/main/formatters/comment_formatters.py:39]
2021-09-09 16:36:55,843 INFO: retrieved 1 from redis [in /usr/src/app/app/main/formatters/comment_formatters.py:39]
2021-09-09 16:36:55,852 INFO: retrieved -1 from redis [in /usr/src/app/app/main/formatters/comment_formatters.py:39]
2021-09-09 16:36:55,858 INFO: retrieved -1 from redis [in /usr/src/app/app/main/formatters/comment_formatters.py:39]
2021-09-09 16:37:33,051 INFO: redditclone startup [in /usr/src/app/app/__init__.py:35]
2021-09-09 16:39:53,929 INFO: redditclone startup [in /usr/src/app/app/__init__.py:35]
2021-09-09 16:40:29,217 INFO: redditclone startup [in /usr/src/app/app/__init__.py:35]
